未升级 SL00CCHBXTLT010500001
未升级 SL00CSFJQZDX020200001
未升级 SL00CSFJQZDX020200002
已升级 SL00JWYNZTDX060900001
已升级 SL00JWYNZTYD060700001
已升级 SL00LRCQSQDX020300001
已升级 SL00LRGDJMDX010300001
已升级 SL00WDJSCZYD020200001
已升级 SL00YYGDMZDX020200001
已升级 SL00ZLSDHZYD060200001
已升级 SL00ZSNMBTDX020300001
未升级 SL0CWPSDZZLT020300001
已升级 SL0CYPSDZZYD020300001
已升级 SL0DJDZJHZYD060300001
已升级 SL0LXFFJSMDX010200001
已升级 SL0LXFFJSMDX010200002
已升级 SL0LXFFJSMDX010200003
已升级 SL0LXFFJSMDX010200004
已升级 SL0LXFFJSMDX010200005
已升级 SL0LXFFJSMDX010200006
已升级 SL0LXFFJSMDX010200007
已升级 SL0LXFFJSMDX010200008
已升级 SL0LXFFJSMDX010200009
已升级 SL0LXFFJSMDX010200010
已升级 SL0LXFFJSMDX010200011
已升级 SL0LXFFJSMDX010200012
已升级 SL0LXFFJSMDX010200013
已升级 SL0LXFFJSMDX010200014
已升级 SL0LXFFJSMDX010200015
已升级 SL0LXFFJSMDX010200016
已升级 SL0LXFJSDFDX010200001
已升级 SL0LXFJSSQDX010200001
已升级 SL0LXFJSSQDX010200002
已升级 SL0LXFJSSQDX010200003
已升级 SL0LXFJSSQDX010200004
已升级 SL0LXFJSSQDX010200005
已升级 SL0LXFJSSQDX010200006
已升级 SL0LXFJSSQDX010200007
已升级 SL0LXFJSSQDX010200008
未升级 SL0LXFJSSQDX010200009
已升级 SL0LXFJSYCDX010200001
已升级 SL0LXFJSYCDX010200002
已升级 SL0LXFJSYCDX010200003
已升级 SL0LXFJSYCDX010200004
已升级 SL0LXFJSYCDX010200005
已升级 SL0LXFJSYCDX010200006
未升级 SL0LXFSCMYDX020200002
未升级 SL0LXFSCMYDX020200003
已升级 SL0LXFZJNBDX020300001
已升级 SL0LXFZJNBDX020300002
已升级 SL0LXFZJNBDX020300003
已升级 SL0LXFZJNBDX020300004
已升级 SL0LXFZJNBDX020300005
已升级 SL0LXFZJNBDX020300006
已升级 SL0LXFZJNBDX020300007
已升级 SL0LXFZJNBDX020300008
已升级 SL0LXFZJNBDX020300009
已升级 SL0LXFZJNBDX020300010
未升级 SL0LXFZJNBDX020300011
已升级 SL0LXFZJNBDX020300012
已升级 SL0LXFZJNBDX020300013
未升级 SL0LXFZJNBDX020300014
未升级 SL0LXFZJNBDX020300015
未升级 SL0LXFZJNBDX020300016
已升级 SL0LXSJXJADX041100001
已升级 SL0LXSJXJADX041300002
已升级 SL0LXSJXJADX041300003
已升级 SL0LXSJXJADX041300004
已升级 SL0LXSJXJADX041300005
已升级 SL0LXSJXJADX041300006
已升级 SL0YHCJSXZYD041000001
未升级 SL0YYTGDFSDX020300001
已升级 SL0YZHSCCDYD030500001
已升级 SL0YZHSCCDYD030500002
已升级 SL0YZHSCCDYD030800003
未升级 SL0ZGQZJHZYD020200001
已升级 SL0ZXLGDZSDX020200001
已升级 SL0ZXLGDZSDX020200002
已升级 SL0ZXSHNPYLT020300001
已升级 SL0ZXSHNPYLT020300002
已升级 SL0ZXSHNPYLT020300003
已升级 SL0ZXSHNPYLT020300004
已升级 SLZYWLSCNCYD030600001
