sheet name:Sheet1
rows:6, columns:6
未升级 SL00CCHBXTLT010500001
未升级
sheet name:Sheet1
rows:49, columns:6
未升级 SL00CSFJQZDX020200001
未升级
sheet name:Sheet1
rows:49, columns:6
未升级 SL00CSFJQZDX020200002
未升级
sheet name:Sheet1
rows:72, columns:6
已升级 SL00JWYNZTDX060900001
已升级
sheet name:Sheet1
rows:10, columns:6
已升级 SL00JWYNZTYD060700001
已升级
sheet name:Sheet1
rows:26, columns:6
已升级 SL00LRCQSQDX020300001
已升级
sheet name:network
rows:52, columns:6
已升级 SL00LRGDJMDX010300001
已升级
sheet name:Sheet1
rows:43, columns:6
已升级 SL00WDJSCZYD020200001
已升级
sheet name:Sheet1
rows:72, columns:6
已升级 SL00YYGDMZDX020200001
已升级
sheet name:Sheet1
rows:22, columns:6
已升级 SL00ZLSDHZYD060200001
已升级
sheet name:Sheet1
rows:7, columns:6
已升级 SL00ZSNMBTDX020300001
已升级
sheet name:Sheet1
rows:12, columns:6
未升级 SL0CWPSDZZLT020300001
未升级
sheet name:sheet1
rows:12, columns:6
已升级 SL0CYPSDZZYD020300001
已升级
sheet name:Sheet1
rows:13, columns:6
已升级 SL0DJDZJHZYD060300001
已升级
sheet name:Sheet1
rows:22, columns:6
已升级 SL0LXFFJSMDX010200001
已升级
sheet name:Sheet1
rows:38, columns:6
已升级 SL0LXFFJSMDX010200002
已升级
sheet name:Sheet1
rows:62, columns:6
已升级 SL0LXFFJSMDX010200003
已升级
sheet name:Sheet1
rows:26, columns:6
已升级 SL0LXFFJSMDX010200004
已升级
sheet name:Sheet1
rows:38, columns:6
已升级 SL0LXFFJSMDX010200005
已升级
sheet name:Sheet1
rows:38, columns:6
已升级 SL0LXFFJSMDX010200006
已升级
sheet name:Sheet1
rows:38, columns:6
已升级 SL0LXFFJSMDX010200007
已升级
sheet name:Sheet1
rows:38, columns:6
已升级 SL0LXFFJSMDX010200008
已升级
sheet name:Sheet1
rows:38, columns:6
已升级 SL0LXFFJSMDX010200009
已升级
sheet name:Sheet1
rows:38, columns:6
已升级 SL0LXFFJSMDX010200010
已升级
sheet name:Sheet1
rows:38, columns:6
已升级 SL0LXFFJSMDX010200011
已升级
sheet name:Sheet1
rows:26, columns:6
已升级 SL0LXFFJSMDX010200012
已升级
sheet name:Sheet1
rows:50, columns:6
已升级 SL0LXFFJSMDX010200013
已升级
sheet name:Sheet1
rows:56, columns:6
已升级 SL0LXFFJSMDX010200014
已升级
sheet name:Sheet1
rows:56, columns:6
已升级 SL0LXFFJSMDX010200015
已升级
sheet name:Sheet1
rows:56, columns:6
已升级 SL0LXFFJSMDX010200016
已升级
sheet name:Sheet1
rows:42, columns:6
已升级 SL0LXFJSDFDX010200001
已升级
sheet name:Sheet1
rows:26, columns:6
已升级 SL0LXFJSSQDX010200001
已升级
sheet name:Sheet1
rows:26, columns:6
已升级 SL0LXFJSSQDX010200002
已升级
sheet name:Sheet1
rows:26, columns:6
已升级 SL0LXFJSSQDX010200003
已升级
sheet name:Sheet1
rows:34, columns:6
已升级 SL0LXFJSSQDX010200004
已升级
sheet name:Sheet1
rows:34, columns:6
已升级 SL0LXFJSSQDX010200005
已升级
sheet name:Sheet1
rows:34, columns:6
已升级 SL0LXFJSSQDX010200006
已升级
sheet name:Sheet1
rows:34, columns:6
已升级 SL0LXFJSSQDX010200007
已升级
sheet name:Sheet1
rows:34, columns:6
已升级 SL0LXFJSSQDX010200008
已升级
sheet name:Sheet1
rows:74, columns:6
未升级 SL0LXFJSSQDX010200009
未升级
sheet name:Sheet1
rows:34, columns:6
已升级 SL0LXFJSYCDX010200001
已升级
sheet name:Sheet1
rows:34, columns:6
已升级 SL0LXFJSYCDX010200002
已升级
sheet name:Sheet1
rows:34, columns:6
已升级 SL0LXFJSYCDX010200003
已升级
sheet name:Sheet1
rows:34, columns:6
已升级 SL0LXFJSYCDX010200004
已升级
sheet name:Sheet1
rows:34, columns:6
已升级 SL0LXFJSYCDX010200005
已升级
sheet name:Sheet1
rows:34, columns:6
已升级 SL0LXFJSYCDX010200006
已升级
sheet name:Sheet1
rows:98, columns:6
未升级 SL0LXFSCMYDX020200002
未升级
sheet name:Sheet1
rows:98, columns:6
未升级 SL0LXFSCMYDX020200003
未升级
sheet name:Sheet1
rows:27, columns:6
已升级 SL0LXFZJNBDX020300001
已升级
sheet name:Sheet1
rows:27, columns:6
已升级 SL0LXFZJNBDX020300002
已升级
sheet name:Sheet1
rows:27, columns:6
已升级 SL0LXFZJNBDX020300003
已升级
sheet name:Sheet1
rows:27, columns:6
已升级 SL0LXFZJNBDX020300004
已升级
sheet name:Sheet1
rows:27, columns:6
已升级 SL0LXFZJNBDX020300005
已升级
sheet name:Sheet1
rows:27, columns:6
已升级 SL0LXFZJNBDX020300006
已升级
sheet name:Sheet1
rows:27, columns:6
已升级 SL0LXFZJNBDX020300007
已升级
sheet name:Sheet1
rows:27, columns:6
已升级 SL0LXFZJNBDX020300008
已升级
sheet name:Sheet1
rows:37, columns:6
已升级 SL0LXFZJNBDX020300009
已升级
sheet name:Sheet1
rows:37, columns:6
已升级 SL0LXFZJNBDX020300010
已升级
sheet name:Sheet1
rows:37, columns:6
未升级 SL0LXFZJNBDX020300011
未升级
sheet name:Sheet1
rows:37, columns:6
已升级 SL0LXFZJNBDX020300012
已升级
sheet name:Sheet1
rows:37, columns:6
已升级 SL0LXFZJNBDX020300013
已升级
sheet name:Sheet1
rows:52, columns:6
未升级 SL0LXFZJNBDX020300014
未升级
sheet name:Sheet1
rows:37, columns:6
未升级 SL0LXFZJNBDX020300015
未升级
sheet name:Sheet1
rows:37, columns:6
未升级 SL0LXFZJNBDX020300016
未升级
sheet name:Sheet1
rows:3, columns:6
已升级 SL0LXSJXJADX041100001
已升级
sheet name:Sheet1
rows:3, columns:6
已升级 SL0LXSJXJADX041300002
已升级
sheet name:Sheet1
rows:3, columns:6
已升级 SL0LXSJXJADX041300003
已升级
sheet name:Sheet1
rows:3, columns:6
已升级 SL0LXSJXJADX041300004
已升级
sheet name:Sheet1
rows:3, columns:6
已升级 SL0LXSJXJADX041300005
已升级
sheet name:Sheet1
rows:3, columns:6
已升级 SL0LXSJXJADX041300006
已升级
sheet name:Sheet1
rows:3, columns:7
已升级 SL0YHCJSXZYD041000001
已升级
sheet name:Sheet1
rows:59, columns:6
未升级 SL0YYTGDFSDX020300001
未升级
sheet name:Sheet1
rows:22, columns:7
已升级 SL0YZHSCCDYD030500001
已升级
sheet name:Sheet1
rows:22, columns:7
已升级 SL0YZHSCCDYD030500002
已升级
sheet name:Sheet1
rows:13, columns:7
已升级 SL0YZHSCCDYD030800003
已升级
sheet name:Sheet1
rows:11, columns:6
未升级 SL0ZGQZJHZYD020200001
未升级
sheet name:Sheet1
rows:102, columns:6
已升级 SL0ZXLGDZSDX020200001
已升级
sheet name:Sheet1
rows:102, columns:6
已升级 SL0ZXLGDZSDX020200002
已升级
sheet name:Sheet1
rows:52, columns:6
已升级 SL0ZXSHNPYLT020300001
已升级
sheet name:Sheet1
rows:55, columns:6
已升级 SL0ZXSHNPYLT020300002
已升级
sheet name:Sheet1
rows:55, columns:6
已升级 SL0ZXSHNPYLT020300003
已升级
sheet name:Sheet1
rows:55, columns:6
已升级 SL0ZXSHNPYLT020300004
已升级
sheet name:Sheet1
rows:14, columns:7
已升级 SLZYWLSCNCYD030600001
已升级
